INFO 2025-06-30 16:31:02,939 autoreload 35164 34576 Watching for file changes with StatReloader
INFO 2025-06-30 16:38:55,946 basehttp 35164 40352 "GET /docs/ HTTP/1.1" 200 4713
INFO 2025-06-30 16:38:56,202 basehttp 35164 40352 "GET /schema/ HTTP/1.1" 200 53160
INFO 2025-06-30 16:39:49,780 basehttp 35164 35376 "GET /docs/ HTTP/1.1" 200 4713
INFO 2025-06-30 16:39:49,991 basehttp 35164 35376 "GET /schema/ HTTP/1.1" 200 53160
INFO 2025-06-30 16:40:54,698 basehttp 35164 35376 "POST /api/cities/ HTTP/1.1" 201 63
INFO 2025-06-30 16:42:06,878 basehttp 35164 35376 "GET /api/hosts/1/ping/ HTTP/1.1" 200 285
INFO 2025-06-30 16:44:31,304 basehttp 35164 35376 "PUT /api/cities/1/ HTTP/1.1" 200 65
WARNING 2025-06-30 16:45:39,433 log 35164 35376 Bad Request: /api/cities/
WARNING 2025-06-30 16:45:39,435 basehttp 35164 35376 "POST /api/cities/ HTTP/1.1" 400 58
WARNING 2025-06-30 16:45:42,675 log 35164 35376 Bad Request: /api/cities/
WARNING 2025-06-30 16:45:42,676 basehttp 35164 35376 "POST /api/cities/ HTTP/1.1" 400 58
WARNING 2025-06-30 16:45:43,450 log 35164 35376 Bad Request: /api/cities/
WARNING 2025-06-30 16:45:43,451 basehttp 35164 35376 "POST /api/cities/ HTTP/1.1" 400 58
WARNING 2025-06-30 16:45:43,946 log 35164 35376 Bad Request: /api/cities/
WARNING 2025-06-30 16:45:43,947 basehttp 35164 35376 "POST /api/cities/ HTTP/1.1" 400 58
INFO 2025-06-30 16:46:16,029 basehttp 35164 35376 "POST /api/cities/ HTTP/1.1" 201 62
INFO 2025-06-30 17:01:59,170 autoreload 35164 34576 C:\Users\Ì·Õ×ºÓ\Desktop\host1\host1\settings.py changed, reloading.
INFO 2025-06-30 17:02:01,388 autoreload 51016 43528 Watching for file changes with StatReloader
INFO 2025-06-30 17:02:17,949 autoreload 51016 43528 C:\Users\Ì·Õ×ºÓ\Desktop\host1\host1\settings.py changed, reloading.
INFO 2025-06-30 17:02:19,886 autoreload 10984 40512 Watching for file changes with StatReloader
INFO 2025-06-30 17:02:59,156 autoreload 10984 40512 C:\Users\Ì·Õ×ºÓ\Desktop\host1\host1\settings.py changed, reloading.
INFO 2025-06-30 17:03:00,906 autoreload 22228 40528 Watching for file changes with StatReloader
INFO 2025-06-30 17:04:47,974 autoreload 22228 40528 C:\Users\Ì·Õ×ºÓ\Desktop\host1\host1\settings.py changed, reloading.
INFO 2025-06-30 17:04:49,819 autoreload 39092 34836 Watching for file changes with StatReloader
INFO 2025-06-30 17:05:31,915 autoreload 34164 40992 Watching for file changes with StatReloader
INFO 2025-06-30 17:05:51,625 basehttp 34164 44668 "GET /admin/apphost/host/ HTTP/1.1" 200 13989
INFO 2025-06-30 17:05:51,687 basehttp 34164 44668 "GET /admin/jsi18n/ HTTP/1.1" 200 3342
INFO 2025-06-30 17:08:19,969 autoreload 34164 40992 C:\Users\Ì·Õ×ºÓ\Desktop\host1\apphost\middleware.py changed, reloading.
INFO 2025-06-30 17:08:21,925 autoreload 41312 43128 Watching for file changes with StatReloader
INFO 2025-06-30 17:08:46,403 autoreload 41312 43128 C:\Users\Ì·Õ×ºÓ\Desktop\host1\apphost\middleware.py changed, reloading.
INFO 2025-06-30 17:08:48,195 autoreload 46164 44144 Watching for file changes with StatReloader
INFO 2025-06-30 17:11:25,391 autoreload 46164 44144 C:\Users\Ì·Õ×ºÓ\Desktop\host1\host1\settings.py changed, reloading.
INFO 2025-06-30 17:11:27,169 autoreload 40056 43944 Watching for file changes with StatReloader
INFO 2025-06-30 17:11:49,449 autoreload 40056 43944 C:\Users\Ì·Õ×ºÓ\Desktop\host1\host1\settings.py changed, reloading.
INFO 2025-06-30 17:11:51,324 autoreload 27664 48924 Watching for file changes with StatReloader
INFO 2025-06-30 17:12:05,564 autoreload 27664 48924 C:\Users\Ì·Õ×ºÓ\Desktop\host1\host1\settings.py changed, reloading.
INFO 2025-06-30 17:12:07,374 autoreload 47244 47756 Watching for file changes with StatReloader
INFO 2025-06-30 17:13:29,817 autoreload 47244 47756 C:\Users\Ì·Õ×ºÓ\Desktop\host1\host1\settings.py changed, reloading.
INFO 2025-06-30 17:13:31,639 autoreload 18680 35392 Watching for file changes with StatReloader
INFO 2025-06-30 17:14:42,481 autoreload 18680 35392 C:\Users\Ì·Õ×ºÓ\Desktop\host1\host1\settings.py changed, reloading.
INFO 2025-06-30 17:14:44,345 autoreload 47860 48908 Watching for file changes with StatReloader
INFO 2025-06-30 17:15:39,953 autoreload 47860 48908 C:\Users\Ì·Õ×ºÓ\Desktop\host1\host1\settings.py changed, reloading.
INFO 2025-06-30 17:24:21,363 autoreload 11880 50624 Watching for file changes with StatReloader
ERROR 2025-06-30 17:24:31,770 log 11880 46712 Internal Server Error: /admin/apphost/host/
Traceback (most recent call last):
  File "C:\Users\Ì·Õ×ºÓ\Desktop\host1\.venv\Lib\site-packages\django\core\handlers\exception.py", line 55, in inner
    response = get_response(request)
  File "C:\Users\Ì·Õ×ºÓ\Desktop\host1\apphost\middleware.py", line 27, in __call__
    logger.info(
    ^^^^^^
NameError: name 'logger' is not defined
ERROR 2025-06-30 17:24:31,774 basehttp 11880 46712 "GET /admin/apphost/host/ HTTP/1.1" 500 73260
ERROR 2025-06-30 17:24:37,994 log 11880 47244 Internal Server Error: /admin/apphost/host/
Traceback (most recent call last):
  File "C:\Users\Ì·Õ×ºÓ\Desktop\host1\.venv\Lib\site-packages\django\core\handlers\exception.py", line 55, in inner
    response = get_response(request)
  File "C:\Users\Ì·Õ×ºÓ\Desktop\host1\apphost\middleware.py", line 27, in __call__
    logger.info(
    ^^^^^^
NameError: name 'logger' is not defined
ERROR 2025-06-30 17:24:37,996 basehttp 11880 47244 "GET /admin/apphost/host/ HTTP/1.1" 500 73261
ERROR 2025-06-30 17:25:05,442 log 11880 39492 Internal Server Error: /admin/
Traceback (most recent call last):
  File "C:\Users\Ì·Õ×ºÓ\Desktop\host1\.venv\Lib\site-packages\django\core\handlers\exception.py", line 55, in inner
    response = get_response(request)
  File "C:\Users\Ì·Õ×ºÓ\Desktop\host1\apphost\middleware.py", line 27, in __call__
    logger.info(
    ^^^^^^
NameError: name 'logger' is not defined
ERROR 2025-06-30 17:25:05,444 basehttp 11880 39492 "GET /admin/ HTTP/1.1" 500 72818
ERROR 2025-06-30 17:25:07,275 log 11880 46388 Internal Server Error: /admin/
Traceback (most recent call last):
  File "C:\Users\Ì·Õ×ºÓ\Desktop\host1\.venv\Lib\site-packages\django\core\handlers\exception.py", line 55, in inner
    response = get_response(request)
  File "C:\Users\Ì·Õ×ºÓ\Desktop\host1\apphost\middleware.py", line 27, in __call__
    logger.info(
    ^^^^^^
NameError: name 'logger' is not defined
ERROR 2025-06-30 17:25:07,276 basehttp 11880 46388 "GET /admin/ HTTP/1.1" 500 72954
ERROR 2025-06-30 17:25:07,789 log 11880 46288 Internal Server Error: /admin/
Traceback (most recent call last):
  File "C:\Users\Ì·Õ×ºÓ\Desktop\host1\.venv\Lib\site-packages\django\core\handlers\exception.py", line 55, in inner
    response = get_response(request)
  File "C:\Users\Ì·Õ×ºÓ\Desktop\host1\apphost\middleware.py", line 27, in __call__
    logger.info(
    ^^^^^^
NameError: name 'logger' is not defined
ERROR 2025-06-30 17:25:07,791 basehttp 11880 46288 "GET /admin/ HTTP/1.1" 500 72953
INFO 2025-06-30 17:27:06,328 autoreload 11880 50624 C:\Users\Ì·Õ×ºÓ\Desktop\host1\apphost\middleware.py changed, reloading.
INFO 2025-06-30 17:27:08,066 autoreload 37460 44368 Watching for file changes with StatReloader
INFO 2025-06-30 17:27:21,831 autoreload 42292 36140 Watching for file changes with StatReloader
INFO 2025-06-30 17:27:28,441 basehttp 42292 50380 "GET /admin/apphost/host/ HTTP/1.1" 200 13989
INFO 2025-06-30 17:27:28,494 basehttp 42292 50380 "GET /static/admin/css/base.css HTTP/1.1" 304 0
INFO 2025-06-30 17:27:28,497 basehttp 42292 9616 "GET /static/admin/css/dark_mode.css HTTP/1.1" 304 0
INFO 2025-06-30 17:27:28,500 basehttp 42292 50380 "GET /static/admin/css/nav_sidebar.css HTTP/1.1" 304 0
INFO 2025-06-30 17:27:28,504 basehttp 42292 9616 "GET /static/admin/css/changelists.css HTTP/1.1" 304 0
INFO 2025-06-30 17:27:28,507 basehttp 42292 50380 "GET /static/admin/css/responsive.css HTTP/1.1" 304 0
INFO 2025-06-30 17:27:28,508 basehttp 42292 9616 "GET /static/admin/js/theme.js HTTP/1.1" 304 0
INFO 2025-06-30 17:27:28,512 basehttp 42292 9616 "GET /static/admin/js/vendor/jquery/jquery.js HTTP/1.1" 304 0
INFO 2025-06-30 17:27:28,519 basehttp 42292 9616 "GET /static/admin/js/jquery.init.js HTTP/1.1" 304 0
INFO 2025-06-30 17:27:28,522 basehttp 42292 9616 "GET /static/admin/js/core.js HTTP/1.1" 304 0
INFO 2025-06-30 17:27:28,525 basehttp 42292 9616 "GET /static/admin/js/admin/RelatedObjectLookups.js HTTP/1.1" 304 0
INFO 2025-06-30 17:27:28,528 basehttp 42292 9616 "GET /static/admin/js/actions.js HTTP/1.1" 304 0
INFO 2025-06-30 17:27:28,529 basehttp 42292 50380 "GET /admin/jsi18n/ HTTP/1.1" 200 3342
INFO 2025-06-30 17:27:28,531 basehttp 42292 9616 "GET /static/admin/js/urlify.js HTTP/1.1" 304 0
INFO 2025-06-30 17:27:28,534 basehttp 42292 9616 "GET /static/admin/js/prepopulate.js HTTP/1.1" 304 0
INFO 2025-06-30 17:27:28,539 basehttp 42292 50380 "GET /static/admin/js/vendor/xregexp/xregexp.js HTTP/1.1" 304 0
INFO 2025-06-30 17:27:28,543 basehttp 42292 50380 "GET /static/admin/img/search.svg HTTP/1.1" 304 0
INFO 2025-06-30 17:27:28,552 basehttp 42292 50380 "GET /static/admin/js/nav_sidebar.js HTTP/1.1" 304 0
INFO 2025-06-30 17:27:28,552 basehttp 42292 9616 "GET /static/admin/js/filters.js HTTP/1.1" 304 0
INFO 2025-06-30 17:27:28,562 basehttp 42292 9616 "GET /static/admin/img/icon-addlink.svg HTTP/1.1" 304 0
INFO 2025-06-30 17:27:28,562 basehttp 42292 50380 "GET /static/admin/img/tooltag-add.svg HTTP/1.1" 304 0
INFO 2025-06-30 17:27:28,564 basehttp 42292 9616 "GET /static/admin/img/icon-viewlink.svg HTTP/1.1" 304 0
INFO 2025-06-30 17:27:30,048 basehttp 42292 9616 "GET /admin/apphost/host/ HTTP/1.1" 200 13989
INFO 2025-06-30 17:27:30,091 basehttp 42292 9616 "GET /admin/jsi18n/ HTTP/1.1" 200 3342
INFO 2025-06-30 17:37:14,180 autoreload 42292 36140 C:\Users\Ì·Õ×ºÓ\Desktop\host1\apphost\middleware.py changed, reloading.
INFO 2025-06-30 17:37:16,065 autoreload 44152 34900 Watching for file changes with StatReloader
INFO 2025-06-30 18:13:07,133 autoreload 36536 41144 Watching for file changes with StatReloader
INFO 2025-06-30 18:13:13,970 basehttp 36536 46604 "GET /admin/apphost/host/ HTTP/1.1" 200 13989
INFO 2025-06-30 18:13:14,065 basehttp 36536 46604 "GET /admin/jsi18n/ HTTP/1.1" 200 3342
INFO 2025-06-30 18:14:00,996 basehttp 36536 46604 "GET /admin/apphost/host/ HTTP/1.1" 200 13989
INFO 2025-06-30 18:14:01,035 basehttp 36536 46604 "GET /admin/jsi18n/ HTTP/1.1" 200 3342
INFO 2025-06-30 18:14:05,500 basehttp 36536 39976 "GET /api/docs/ HTTP/1.1" 200 4713
INFO 2025-06-30 18:14:05,719 basehttp 36536 39976 "GET /schema/ HTTP/1.1" 200 53160
INFO 2025-06-30 18:18:50,306 basehttp 36536 39976 "GET /api/docs/ HTTP/1.1" 200 4713
INFO 2025-06-30 18:18:50,489 basehttp 36536 39976 "GET /schema/ HTTP/1.1" 200 53160
INFO 2025-06-30 18:19:50,033 basehttp 36536 39976 "GET /schema/ HTTP/1.1" 200 23213
INFO 2025-06-30 20:23:06,926 basehttp 36536 44116 "GET /api/machine-rooms/ HTTP/1.1" 200 6244
INFO 2025-06-30 20:23:06,974 basehttp 36536 44116 "GET /static/rest_framework/css/bootstrap.min.css HTTP/1.1" 304 0
INFO 2025-06-30 20:23:06,975 basehttp 36536 49560 "GET /static/rest_framework/css/bootstrap-tweaks.css HTTP/1.1" 304 0
INFO 2025-06-30 20:23:06,976 basehttp 36536 50088 "GET /static/rest_framework/css/prettify.css HTTP/1.1" 304 0
INFO 2025-06-30 20:23:06,980 basehttp 36536 40692 "GET /static/rest_framework/css/default.css HTTP/1.1" 304 0
INFO 2025-06-30 20:23:06,980 basehttp 36536 49560 "GET /static/rest_framework/js/bootstrap.min.js HTTP/1.1" 304 0
INFO 2025-06-30 20:23:06,980 basehttp 36536 44116 "GET /static/rest_framework/js/csrf.js HTTP/1.1" 304 0
INFO 2025-06-30 20:23:06,981 basehttp 36536 50088 "GET /static/rest_framework/js/prettify-min.js HTTP/1.1" 304 0
INFO 2025-06-30 20:23:06,981 basehttp 36536 8456 "GET /static/rest_framework/js/ajax-form.js HTTP/1.1" 304 0
INFO 2025-06-30 20:23:06,983 basehttp 36536 41168 "GET /static/rest_framework/js/jquery-3.7.1.min.js HTTP/1.1" 304 0
INFO 2025-06-30 20:23:06,984 basehttp 36536 40692 "GET /static/rest_framework/js/default.js HTTP/1.1" 304 0
INFO 2025-06-30 20:23:06,984 basehttp 36536 49560 "GET /static/rest_framework/js/load-ajax-form.js HTTP/1.1" 304 0
INFO 2025-06-30 20:23:06,991 basehttp 36536 49560 "GET /static/rest_framework/img/grid.png HTTP/1.1" 304 0
WARNING 2025-06-30 20:31:40,704 log 36536 49948 Not Found: /api/schema/swagger-ui/
WARNING 2025-06-30 20:31:40,705 basehttp 36536 49948 "GET /api/schema/swagger-ui/ HTTP/1.1" 404 9378
WARNING 2025-06-30 20:31:42,664 log 36536 49948 Not Found: /api/schema/swagger-ui/
WARNING 2025-06-30 20:31:42,664 basehttp 36536 49948 "GET /api/schema/swagger-ui/ HTTP/1.1" 404 9378
INFO 2025-06-30 20:31:50,641 basehttp 36536 49948 "GET /admin/apphost/host/ HTTP/1.1" 200 13989
INFO 2025-06-30 20:31:50,682 basehttp 36536 49948 "GET /static/admin/css/base.css HTTP/1.1" 304 0
INFO 2025-06-30 20:31:50,690 basehttp 36536 50460 "GET /static/admin/js/theme.js HTTP/1.1" 304 0
INFO 2025-06-30 20:31:50,690 basehttp 36536 12928 "GET /static/admin/css/dark_mode.css HTTP/1.1" 304 0
INFO 2025-06-30 20:31:50,690 basehttp 36536 49948 "GET /static/admin/css/nav_sidebar.css HTTP/1.1" 304 0
INFO 2025-06-30 20:31:50,697 basehttp 36536 50460 "GET /static/admin/css/changelists.css HTTP/1.1" 304 0
INFO 2025-06-30 20:31:50,698 basehttp 36536 12928 "GET /static/admin/css/responsive.css HTTP/1.1" 304 0
INFO 2025-06-30 20:31:50,700 basehttp 36536 50460 "GET /static/admin/js/vendor/jquery/jquery.js HTTP/1.1" 304 0
INFO 2025-06-30 20:31:50,701 basehttp 36536 12928 "GET /static/admin/js/jquery.init.js HTTP/1.1" 304 0
INFO 2025-06-30 20:31:50,702 basehttp 36536 50460 "GET /static/admin/js/core.js HTTP/1.1" 304 0
INFO 2025-06-30 20:31:50,705 basehttp 36536 12928 "GET /static/admin/js/admin/RelatedObjectLookups.js HTTP/1.1" 304 0
INFO 2025-06-30 20:31:50,706 basehttp 36536 50460 "GET /static/admin/js/actions.js HTTP/1.1" 304 0
INFO 2025-06-30 20:31:50,711 basehttp 36536 12928 "GET /static/admin/js/urlify.js HTTP/1.1" 304 0
INFO 2025-06-30 20:31:50,712 basehttp 36536 50460 "GET /static/admin/js/prepopulate.js HTTP/1.1" 304 0
INFO 2025-06-30 20:31:50,714 basehttp 36536 12928 "GET /static/admin/js/vendor/xregexp/xregexp.js HTTP/1.1" 304 0
INFO 2025-06-30 20:31:50,715 basehttp 36536 49948 "GET /admin/jsi18n/ HTTP/1.1" 200 3342
INFO 2025-06-30 20:31:50,715 basehttp 36536 50460 "GET /static/admin/img/search.svg HTTP/1.1" 304 0
INFO 2025-06-30 20:31:50,762 basehttp 36536 49948 "GET /static/admin/js/nav_sidebar.js HTTP/1.1" 304 0
INFO 2025-06-30 20:31:50,763 basehttp 36536 50460 "GET /static/admin/js/filters.js HTTP/1.1" 304 0
INFO 2025-06-30 20:31:50,783 basehttp 36536 49948 "GET /static/admin/img/tooltag-add.svg HTTP/1.1" 304 0
INFO 2025-06-30 20:31:50,784 basehttp 36536 12928 "GET /static/admin/img/icon-viewlink.svg HTTP/1.1" 304 0
INFO 2025-06-30 20:31:50,784 basehttp 36536 50460 "GET /static/admin/img/icon-addlink.svg HTTP/1.1" 304 0
INFO 2025-06-30 20:31:53,107 basehttp 36536 50460 "GET /admin/apphost/host/ HTTP/1.1" 200 13989
INFO 2025-06-30 20:31:53,143 basehttp 36536 50460 "GET /admin/jsi18n/ HTTP/1.1" 200 3342
WARNING 2025-06-30 20:31:57,947 log 36536 50460 Not Found: /api/schema/swagger-ui/
WARNING 2025-06-30 20:31:57,948 basehttp 36536 50460 "GET /api/schema/swagger-ui/ HTTP/1.1" 404 9378
WARNING 2025-06-30 20:32:44,629 log 36536 49532 Not Found: /api/schema/swagger-ui/
WARNING 2025-06-30 20:32:44,630 basehttp 36536 49532 "GET /api/schema/swagger-ui/ HTTP/1.1" 404 9378
WARNING 2025-06-30 20:32:45,388 log 36536 49532 Not Found: /favicon.ico
WARNING 2025-06-30 20:32:45,389 basehttp 36536 49532 "GET /favicon.ico HTTP/1.1" 404 2840
INFO 2025-06-30 20:59:33,164 autoreload 43336 49668 Watching for file changes with StatReloader
INFO 2025-06-30 21:00:14,035 basehttp 43336 45460 "GET /admin/apphost/host/ HTTP/1.1" 200 13989
INFO 2025-06-30 21:00:14,128 basehttp 43336 45460 "GET /admin/jsi18n/ HTTP/1.1" 200 3342
